[2m7:05:30 PM[22m [31m[1m[vite][22m[39m Pre-transform error: spawn EPERM
[2m7:05:30 PM[22m [31m[1m[vite][22m[39m Pre-transform error: spawn EPERM
[2m7:05:30 PM[22m [31m[1m[vite][22m[39m [31mInternal server error: spawn EPERM[39m
      at ChildProcess.spawn (node:internal/child_process:421:11)
      at spawn (node:child_process:796:9)
      at Object.execFile (node:child_process:349:17)
      at exec (node:child_process:236:25)
      at optimizeSafeRealPathSync (file:///C:/Users/HP/OneDrive/Desktop/gogle%20docs/frontend/node_modules/vite/dist/node/chunks/dep-BK3b2jBa.js:17165:3)
      at windowsSafeRealPathSync (file:///C:/Users/HP/OneDrive/Desktop/gogle%20docs/frontend/node_modules/vite/dist/node/chunks/dep-BK3b2jBa.js:17146:5)
      at getRealPath (file:///C:/Users/HP/OneDrive/Desktop/gogle%20docs/frontend/node_modules/vite/dist/node/chunks/dep-BK3b2jBa.js:45901:16)
      at Object.tryResolveRealFileOrType (file:///C:/Users/HP/OneDrive/Desktop/gogle%20docs/frontend/node_modules/vite/dist/node/chunks/dep-BK3b2jBa.js:45892:20)
      at tryCleanFsResolve (file:///C:/Users/HP/OneDrive/Desktop/gogle%20docs/frontend/node_modules/vite/dist/node/chunks/dep-BK3b2jBa.js:46337:30)
      at tryFsResolve (file:///C:/Users/HP/OneDrive/Desktop/gogle%20docs/frontend/node_modules/vite/dist/node/chunks/dep-BK3b2jBa.js:46323:15)
[2m7:05:30 PM[22m [31m[1m[vite][22m[39m [31mInternal server error: spawn EPERM[39m
      at ChildProcess.spawn (node:internal/child_process:421:11)
      at spawn (node:child_process:796:9)
      at Object.execFile (node:child_process:349:17)
      at exec (node:child_process:236:25)
      at optimizeSafeRealPathSync (file:///C:/Users/HP/OneDrive/Desktop/gogle%20docs/frontend/node_modules/vite/dist/node/chunks/dep-BK3b2jBa.js:17165:3)
      at windowsSafeRealPathSync (file:///C:/Users/HP/OneDrive/Desktop/gogle%20docs/frontend/node_modules/vite/dist/node/chunks/dep-BK3b2jBa.js:17146:5)
      at getRealPath (file:///C:/Users/HP/OneDrive/Desktop/gogle%20docs/frontend/node_modules/vite/dist/node/chunks/dep-BK3b2jBa.js:45901:16)
      at Object.tryResolveRealFileOrType (file:///C:/Users/HP/OneDrive/Desktop/gogle%20docs/frontend/node_modules/vite/dist/node/chunks/dep-BK3b2jBa.js:45892:20)
      at tryCleanFsResolve (file:///C:/Users/HP/OneDrive/Desktop/gogle%20docs/frontend/node_modules/vite/dist/node/chunks/dep-BK3b2jBa.js:46337:30)
      at tryFsResolve (file:///C:/Users/HP/OneDrive/Desktop/gogle%20docs/frontend/node_modules/vite/dist/node/chunks/dep-BK3b2jBa.js:46323:15)
[2m7:05:39 PM[22m [31m[1m[vite][22m[39m Pre-transform error: spawn EPERM
[2m7:05:39 PM[22m [31m[1m[vite][22m[39m [31mInternal server error: spawn EPERM[39m
      at ChildProcess.spawn (node:internal/child_process:421:11)
      at spawn (node:child_process:796:9)
      at Object.execFile (node:child_process:349:17)
      at exec (node:child_process:236:25)
      at optimizeSafeRealPathSync (file:///C:/Users/HP/OneDrive/Desktop/gogle%20docs/frontend/node_modules/vite/dist/node/chunks/dep-BK3b2jBa.js:17165:3)
      at windowsSafeRealPathSync (file:///C:/Users/HP/OneDrive/Desktop/gogle%20docs/frontend/node_modules/vite/dist/node/chunks/dep-BK3b2jBa.js:17146:5)
      at getRealPath (file:///C:/Users/HP/OneDrive/Desktop/gogle%20docs/frontend/node_modules/vite/dist/node/chunks/dep-BK3b2jBa.js:45901:16)
      at Object.tryResolveRealFileOrType (file:///C:/Users/HP/OneDrive/Desktop/gogle%20docs/frontend/node_modules/vite/dist/node/chunks/dep-BK3b2jBa.js:45892:20)
      at tryCleanFsResolve (file:///C:/Users/HP/OneDrive/Desktop/gogle%20docs/frontend/node_modules/vite/dist/node/chunks/dep-BK3b2jBa.js:46337:30)
      at tryFsResolve (file:///C:/Users/HP/OneDrive/Desktop/gogle%20docs/frontend/node_modules/vite/dist/node/chunks/dep-BK3b2jBa.js:46323:15)
[2m7:05:43 PM[22m [31m[1m[vite][22m[39m Pre-transform error: spawn EPERM
[2m7:05:43 PM[22m [31m[1m[vite][22m[39m [31mInternal server error: spawn EPERM[39m
      at ChildProcess.spawn (node:internal/child_process:421:11)
      at spawn (node:child_process:796:9)
      at Object.execFile (node:child_process:349:17)
      at exec (node:child_process:236:25)
      at optimizeSafeRealPathSync (file:///C:/Users/HP/OneDrive/Desktop/gogle%20docs/frontend/node_modules/vite/dist/node/chunks/dep-BK3b2jBa.js:17165:3)
      at windowsSafeRealPathSync (file:///C:/Users/HP/OneDrive/Desktop/gogle%20docs/frontend/node_modules/vite/dist/node/chunks/dep-BK3b2jBa.js:17146:5)
      at getRealPath (file:///C:/Users/HP/OneDrive/Desktop/gogle%20docs/frontend/node_modules/vite/dist/node/chunks/dep-BK3b2jBa.js:45901:16)
      at Object.tryResolveRealFileOrType (file:///C:/Users/HP/OneDrive/Desktop/gogle%20docs/frontend/node_modules/vite/dist/node/chunks/dep-BK3b2jBa.js:45892:20)
      at tryCleanFsResolve (file:///C:/Users/HP/OneDrive/Desktop/gogle%20docs/frontend/node_modules/vite/dist/node/chunks/dep-BK3b2jBa.js:46337:30)
      at tryFsResolve (file:///C:/Users/HP/OneDrive/Desktop/gogle%20docs/frontend/node_modules/vite/dist/node/chunks/dep-BK3b2jBa.js:46323:15)
[2m7:05:44 PM[22m [31m[1m[vite][22m[39m Pre-transform error: spawn EPERM
[2m7:05:44 PM[22m [31m[1m[vite][22m[39m [31mInternal server error: spawn EPERM[39m
      at ChildProcess.spawn (node:internal/child_process:421:11)
      at spawn (node:child_process:796:9)
      at Object.execFile (node:child_process:349:17)
      at exec (node:child_process:236:25)
      at optimizeSafeRealPathSync (file:///C:/Users/HP/OneDrive/Desktop/gogle%20docs/frontend/node_modules/vite/dist/node/chunks/dep-BK3b2jBa.js:17165:3)
      at windowsSafeRealPathSync (file:///C:/Users/HP/OneDrive/Desktop/gogle%20docs/frontend/node_modules/vite/dist/node/chunks/dep-BK3b2jBa.js:17146:5)
      at getRealPath (file:///C:/Users/HP/OneDrive/Desktop/gogle%20docs/frontend/node_modules/vite/dist/node/chunks/dep-BK3b2jBa.js:45901:16)
      at Object.tryResolveRealFileOrType (file:///C:/Users/HP/OneDrive/Desktop/gogle%20docs/frontend/node_modules/vite/dist/node/chunks/dep-BK3b2jBa.js:45892:20)
      at tryCleanFsResolve (file:///C:/Users/HP/OneDrive/Desktop/gogle%20docs/frontend/node_modules/vite/dist/node/chunks/dep-BK3b2jBa.js:46337:30)
      at tryFsResolve (file:///C:/Users/HP/OneDrive/Desktop/gogle%20docs/frontend/node_modules/vite/dist/node/chunks/dep-BK3b2jBa.js:46323:15)
[2m7:05:44 PM[22m [31m[1m[vite][22m[39m Pre-transform error: spawn EPERM
[2m7:05:44 PM[22m [31m[1m[vite][22m[39m [31mInternal server error: spawn EPERM[39m
      at ChildProcess.spawn (node:internal/child_process:421:11)
      at spawn (node:child_process:796:9)
      at Object.execFile (node:child_process:349:17)
      at exec (node:child_process:236:25)
      at optimizeSafeRealPathSync (file:///C:/Users/HP/OneDrive/Desktop/gogle%20docs/frontend/node_modules/vite/dist/node/chunks/dep-BK3b2jBa.js:17165:3)
      at windowsSafeRealPathSync (file:///C:/Users/HP/OneDrive/Desktop/gogle%20docs/frontend/node_modules/vite/dist/node/chunks/dep-BK3b2jBa.js:17146:5)
      at getRealPath (file:///C:/Users/HP/OneDrive/Desktop/gogle%20docs/frontend/node_modules/vite/dist/node/chunks/dep-BK3b2jBa.js:45901:16)
      at Object.tryResolveRealFileOrType (file:///C:/Users/HP/OneDrive/Desktop/gogle%20docs/frontend/node_modules/vite/dist/node/chunks/dep-BK3b2jBa.js:45892:20)
      at tryCleanFsResolve (file:///C:/Users/HP/OneDrive/Desktop/gogle%20docs/frontend/node_modules/vite/dist/node/chunks/dep-BK3b2jBa.js:46337:30)
      at tryFsResolve (file:///C:/Users/HP/OneDrive/Desktop/gogle%20docs/frontend/node_modules/vite/dist/node/chunks/dep-BK3b2jBa.js:46323:15)
[2m7:05:45 PM[22m [31m[1m[vite][22m[39m Pre-transform error: spawn EPERM
[2m7:05:45 PM[22m [31m[1m[vite][22m[39m [31mInternal server error: spawn EPERM[39m
      at ChildProcess.spawn (node:internal/child_process:421:11)
      at spawn (node:child_process:796:9)
      at Object.execFile (node:child_process:349:17)
      at exec (node:child_process:236:25)
      at optimizeSafeRealPathSync (file:///C:/Users/HP/OneDrive/Desktop/gogle%20docs/frontend/node_modules/vite/dist/node/chunks/dep-BK3b2jBa.js:17165:3)
      at windowsSafeRealPathSync (file:///C:/Users/HP/OneDrive/Desktop/gogle%20docs/frontend/node_modules/vite/dist/node/chunks/dep-BK3b2jBa.js:17146:5)
      at getRealPath (file:///C:/Users/HP/OneDrive/Desktop/gogle%20docs/frontend/node_modules/vite/dist/node/chunks/dep-BK3b2jBa.js:45901:16)
      at Object.tryResolveRealFileOrType (file:///C:/Users/HP/OneDrive/Desktop/gogle%20docs/frontend/node_modules/vite/dist/node/chunks/dep-BK3b2jBa.js:45892:20)
      at tryCleanFsResolve (file:///C:/Users/HP/OneDrive/Desktop/gogle%20docs/frontend/node_modules/vite/dist/node/chunks/dep-BK3b2jBa.js:46337:30)
      at tryFsResolve (file:///C:/Users/HP/OneDrive/Desktop/gogle%20docs/frontend/node_modules/vite/dist/node/chunks/dep-BK3b2jBa.js:46323:15)
[2m7:43:55 PM[22m [31m[1m[vite][22m[39m Pre-transform error: spawn EPERM
[2m7:43:55 PM[22m [31m[1m[vite][22m[39m [31mInternal server error: spawn EPERM[39m
      at ChildProcess.spawn (node:internal/child_process:421:11)
      at spawn (node:child_process:796:9)
      at Object.execFile (node:child_process:349:17)
      at exec (node:child_process:236:25)
      at optimizeSafeRealPathSync (file:///C:/Users/HP/OneDrive/Desktop/gogle%20docs/frontend/node_modules/vite/dist/node/chunks/dep-BK3b2jBa.js:17165:3)
      at windowsSafeRealPathSync (file:///C:/Users/HP/OneDrive/Desktop/gogle%20docs/frontend/node_modules/vite/dist/node/chunks/dep-BK3b2jBa.js:17146:5)
      at getRealPath (file:///C:/Users/HP/OneDrive/Desktop/gogle%20docs/frontend/node_modules/vite/dist/node/chunks/dep-BK3b2jBa.js:45901:16)
      at Object.tryResolveRealFileOrType (file:///C:/Users/HP/OneDrive/Desktop/gogle%20docs/frontend/node_modules/vite/dist/node/chunks/dep-BK3b2jBa.js:45892:20)
      at tryCleanFsResolve (file:///C:/Users/HP/OneDrive/Desktop/gogle%20docs/frontend/node_modules/vite/dist/node/chunks/dep-BK3b2jBa.js:46337:30)
      at tryFsResolve (file:///C:/Users/HP/OneDrive/Desktop/gogle%20docs/frontend/node_modules/vite/dist/node/chunks/dep-BK3b2jBa.js:46323:15)
[2m7:46:07 PM[22m [31m[1m[vite][22m[39m Pre-transform error: spawn EPERM
[2m7:46:07 PM[22m [31m[1m[vite][22m[39m [31mInternal server error: spawn EPERM[39m
      at ChildProcess.spawn (node:internal/child_process:421:11)
      at spawn (node:child_process:796:9)
      at Object.execFile (node:child_process:349:17)
      at exec (node:child_process:236:25)
      at optimizeSafeRealPathSync (file:///C:/Users/HP/OneDrive/Desktop/gogle%20docs/frontend/node_modules/vite/dist/node/chunks/dep-BK3b2jBa.js:17165:3)
      at windowsSafeRealPathSync (file:///C:/Users/HP/OneDrive/Desktop/gogle%20docs/frontend/node_modules/vite/dist/node/chunks/dep-BK3b2jBa.js:17146:5)
      at getRealPath (file:///C:/Users/HP/OneDrive/Desktop/gogle%20docs/frontend/node_modules/vite/dist/node/chunks/dep-BK3b2jBa.js:45901:16)
      at Object.tryResolveRealFileOrType (file:///C:/Users/HP/OneDrive/Desktop/gogle%20docs/frontend/node_modules/vite/dist/node/chunks/dep-BK3b2jBa.js:45892:20)
      at tryCleanFsResolve (file:///C:/Users/HP/OneDrive/Desktop/gogle%20docs/frontend/node_modules/vite/dist/node/chunks/dep-BK3b2jBa.js:46337:30)
      at tryFsResolve (file:///C:/Users/HP/OneDrive/Desktop/gogle%20docs/frontend/node_modules/vite/dist/node/chunks/dep-BK3b2jBa.js:46323:15)
[2m7:46:08 PM[22m [31m[1m[vite][22m[39m Pre-transform error: spawn EPERM
[2m7:46:08 PM[22m [31m[1m[vite][22m[39m [31mInternal server error: spawn EPERM[39m
      at ChildProcess.spawn (node:internal/child_process:421:11)
      at spawn (node:child_process:796:9)
      at Object.execFile (node:child_process:349:17)
      at exec (node:child_process:236:25)
      at optimizeSafeRealPathSync (file:///C:/Users/HP/OneDrive/Desktop/gogle%20docs/frontend/node_modules/vite/dist/node/chunks/dep-BK3b2jBa.js:17165:3)
      at windowsSafeRealPathSync (file:///C:/Users/HP/OneDrive/Desktop/gogle%20docs/frontend/node_modules/vite/dist/node/chunks/dep-BK3b2jBa.js:17146:5)
      at getRealPath (file:///C:/Users/HP/OneDrive/Desktop/gogle%20docs/frontend/node_modules/vite/dist/node/chunks/dep-BK3b2jBa.js:45901:16)
      at Object.tryResolveRealFileOrType (file:///C:/Users/HP/OneDrive/Desktop/gogle%20docs/frontend/node_modules/vite/dist/node/chunks/dep-BK3b2jBa.js:45892:20)
      at tryCleanFsResolve (file:///C:/Users/HP/OneDrive/Desktop/gogle%20docs/frontend/node_modules/vite/dist/node/chunks/dep-BK3b2jBa.js:46337:30)
      at tryFsResolve (file:///C:/Users/HP/OneDrive/Desktop/gogle%20docs/frontend/node_modules/vite/dist/node/chunks/dep-BK3b2jBa.js:46323:15)
[2m7:46:20 PM[22m [31m[1m[vite][22m[39m Pre-transform error: spawn EPERM
[2m7:46:21 PM[22m [31m[1m[vite][22m[39m [31mInternal server error: spawn EPERM[39m
      at ChildProcess.spawn (node:internal/child_process:421:11)
      at spawn (node:child_process:796:9)
      at Object.execFile (node:child_process:349:17)
      at exec (node:child_process:236:25)
      at optimizeSafeRealPathSync (file:///C:/Users/HP/OneDrive/Desktop/gogle%20docs/frontend/node_modules/vite/dist/node/chunks/dep-BK3b2jBa.js:17165:3)
      at windowsSafeRealPathSync (file:///C:/Users/HP/OneDrive/Desktop/gogle%20docs/frontend/node_modules/vite/dist/node/chunks/dep-BK3b2jBa.js:17146:5)
      at getRealPath (file:///C:/Users/HP/OneDrive/Desktop/gogle%20docs/frontend/node_modules/vite/dist/node/chunks/dep-BK3b2jBa.js:45901:16)
      at Object.tryResolveRealFileOrType (file:///C:/Users/HP/OneDrive/Desktop/gogle%20docs/frontend/node_modules/vite/dist/node/chunks/dep-BK3b2jBa.js:45892:20)
      at tryCleanFsResolve (file:///C:/Users/HP/OneDrive/Desktop/gogle%20docs/frontend/node_modules/vite/dist/node/chunks/dep-BK3b2jBa.js:46337:30)
      at tryFsResolve (file:///C:/Users/HP/OneDrive/Desktop/gogle%20docs/frontend/node_modules/vite/dist/node/chunks/dep-BK3b2jBa.js:46323:15)
[2m7:52:35 PM[22m [31m[1m[vite][22m[39m Pre-transform error: spawn EPERM
[2m7:52:35 PM[22m [31m[1m[vite][22m[39m [31mInternal server error: spawn EPERM[39m
      at ChildProcess.spawn (node:internal/child_process:421:11)
      at spawn (node:child_process:796:9)
      at Object.execFile (node:child_process:349:17)
      at exec (node:child_process:236:25)
      at optimizeSafeRealPathSync (file:///C:/Users/HP/OneDrive/Desktop/gogle%20docs/frontend/node_modules/vite/dist/node/chunks/dep-BK3b2jBa.js:17165:3)
      at windowsSafeRealPathSync (file:///C:/Users/HP/OneDrive/Desktop/gogle%20docs/frontend/node_modules/vite/dist/node/chunks/dep-BK3b2jBa.js:17146:5)
      at getRealPath (file:///C:/Users/HP/OneDrive/Desktop/gogle%20docs/frontend/node_modules/vite/dist/node/chunks/dep-BK3b2jBa.js:45901:16)
      at Object.tryResolveRealFileOrType (file:///C:/Users/HP/OneDrive/Desktop/gogle%20docs/frontend/node_modules/vite/dist/node/chunks/dep-BK3b2jBa.js:45892:20)
      at tryCleanFsResolve (file:///C:/Users/HP/OneDrive/Desktop/gogle%20docs/frontend/node_modules/vite/dist/node/chunks/dep-BK3b2jBa.js:46337:30)
      at tryFsResolve (file:///C:/Users/HP/OneDrive/Desktop/gogle%20docs/frontend/node_modules/vite/dist/node/chunks/dep-BK3b2jBa.js:46323:15)
[2m7:52:43 PM[22m [31m[1m[vite][22m[39m Pre-transform error: spawn EPERM
[2m7:52:43 PM[22m [31m[1m[vite][22m[39m [31mInternal server error: spawn EPERM[39m
      at ChildProcess.spawn (node:internal/child_process:421:11)
      at spawn (node:child_process:796:9)
      at Object.execFile (node:child_process:349:17)
      at exec (node:child_process:236:25)
      at optimizeSafeRealPathSync (file:///C:/Users/HP/OneDrive/Desktop/gogle%20docs/frontend/node_modules/vite/dist/node/chunks/dep-BK3b2jBa.js:17165:3)
      at windowsSafeRealPathSync (file:///C:/Users/HP/OneDrive/Desktop/gogle%20docs/frontend/node_modules/vite/dist/node/chunks/dep-BK3b2jBa.js:17146:5)
      at getRealPath (file:///C:/Users/HP/OneDrive/Desktop/gogle%20docs/frontend/node_modules/vite/dist/node/chunks/dep-BK3b2jBa.js:45901:16)
      at Object.tryResolveRealFileOrType (file:///C:/Users/HP/OneDrive/Desktop/gogle%20docs/frontend/node_modules/vite/dist/node/chunks/dep-BK3b2jBa.js:45892:20)
      at tryCleanFsResolve (file:///C:/Users/HP/OneDrive/Desktop/gogle%20docs/frontend/node_modules/vite/dist/node/chunks/dep-BK3b2jBa.js:46337:30)
      at tryFsResolve (file:///C:/Users/HP/OneDrive/Desktop/gogle%20docs/frontend/node_modules/vite/dist/node/chunks/dep-BK3b2jBa.js:46323:15)
[2m7:52:47 PM[22m [31m[1m[vite][22m[39m Pre-transform error: spawn EPERM
[2m7:52:47 PM[22m [31m[1m[vite][22m[39m [31mInternal server error: spawn EPERM[39m
      at ChildProcess.spawn (node:internal/child_process:421:11)
      at spawn (node:child_process:796:9)
      at Object.execFile (node:child_process:349:17)
      at exec (node:child_process:236:25)
      at optimizeSafeRealPathSync (file:///C:/Users/HP/OneDrive/Desktop/gogle%20docs/frontend/node_modules/vite/dist/node/chunks/dep-BK3b2jBa.js:17165:3)
      at windowsSafeRealPathSync (file:///C:/Users/HP/OneDrive/Desktop/gogle%20docs/frontend/node_modules/vite/dist/node/chunks/dep-BK3b2jBa.js:17146:5)
      at getRealPath (file:///C:/Users/HP/OneDrive/Desktop/gogle%20docs/frontend/node_modules/vite/dist/node/chunks/dep-BK3b2jBa.js:45901:16)
      at Object.tryResolveRealFileOrType (file:///C:/Users/HP/OneDrive/Desktop/gogle%20docs/frontend/node_modules/vite/dist/node/chunks/dep-BK3b2jBa.js:45892:20)
      at tryCleanFsResolve (file:///C:/Users/HP/OneDrive/Desktop/gogle%20docs/frontend/node_modules/vite/dist/node/chunks/dep-BK3b2jBa.js:46337:30)
      at tryFsResolve (file:///C:/Users/HP/OneDrive/Desktop/gogle%20docs/frontend/node_modules/vite/dist/node/chunks/dep-BK3b2jBa.js:46323:15)
[2m7:52:48 PM[22m [31m[1m[vite][22m[39m Pre-transform error: spawn EPERM
[2m7:52:48 PM[22m [31m[1m[vite][22m[39m [31mInternal server error: spawn EPERM[39m
      at ChildProcess.spawn (node:internal/child_process:421:11)
      at spawn (node:child_process:796:9)
      at Object.execFile (node:child_process:349:17)
      at exec (node:child_process:236:25)
      at optimizeSafeRealPathSync (file:///C:/Users/HP/OneDrive/Desktop/gogle%20docs/frontend/node_modules/vite/dist/node/chunks/dep-BK3b2jBa.js:17165:3)
      at windowsSafeRealPathSync (file:///C:/Users/HP/OneDrive/Desktop/gogle%20docs/frontend/node_modules/vite/dist/node/chunks/dep-BK3b2jBa.js:17146:5)
      at getRealPath (file:///C:/Users/HP/OneDrive/Desktop/gogle%20docs/frontend/node_modules/vite/dist/node/chunks/dep-BK3b2jBa.js:45901:16)
      at Object.tryResolveRealFileOrType (file:///C:/Users/HP/OneDrive/Desktop/gogle%20docs/frontend/node_modules/vite/dist/node/chunks/dep-BK3b2jBa.js:45892:20)
      at tryCleanFsResolve (file:///C:/Users/HP/OneDrive/Desktop/gogle%20docs/frontend/node_modules/vite/dist/node/chunks/dep-BK3b2jBa.js:46337:30)
      at tryFsResolve (file:///C:/Users/HP/OneDrive/Desktop/gogle%20docs/frontend/node_modules/vite/dist/node/chunks/dep-BK3b2jBa.js:46323:15)
[2m7:52:50 PM[22m [31m[1m[vite][22m[39m Pre-transform error: spawn EPERM
[2m7:52:50 PM[22m [31m[1m[vite][22m[39m [31mInternal server error: spawn EPERM[39m
      at ChildProcess.spawn (node:internal/child_process:421:11)
      at spawn (node:child_process:796:9)
      at Object.execFile (node:child_process:349:17)
      at exec (node:child_process:236:25)
      at optimizeSafeRealPathSync (file:///C:/Users/HP/OneDrive/Desktop/gogle%20docs/frontend/node_modules/vite/dist/node/chunks/dep-BK3b2jBa.js:17165:3)
      at windowsSafeRealPathSync (file:///C:/Users/HP/OneDrive/Desktop/gogle%20docs/frontend/node_modules/vite/dist/node/chunks/dep-BK3b2jBa.js:17146:5)
      at getRealPath (file:///C:/Users/HP/OneDrive/Desktop/gogle%20docs/frontend/node_modules/vite/dist/node/chunks/dep-BK3b2jBa.js:45901:16)
      at Object.tryResolveRealFileOrType (file:///C:/Users/HP/OneDrive/Desktop/gogle%20docs/frontend/node_modules/vite/dist/node/chunks/dep-BK3b2jBa.js:45892:20)
      at tryCleanFsResolve (file:///C:/Users/HP/OneDrive/Desktop/gogle%20docs/frontend/node_modules/vite/dist/node/chunks/dep-BK3b2jBa.js:46337:30)
      at tryFsResolve (file:///C:/Users/HP/OneDrive/Desktop/gogle%20docs/frontend/node_modules/vite/dist/node/chunks/dep-BK3b2jBa.js:46323:15)
